<?xml version="1.0" encoding="UTF-8"?>
<testng-results ignored="0" total="1" passed="1" failed="0" skipped="0">
  <reporter-output>
  </reporter-output>
  <suite started-at="2020-04-30T11:38:41Z" name="Suite" finished-at="2020-04-30T11:38:52Z" duration-ms="10709">
    <groups>
    </groups>
    <test started-at="2020-04-30T11:38:41Z" name="Test" finished-at="2020-04-30T11:38:52Z" duration-ms="10709">
      <class name="pack.UPStest.UpsShipTest">
        <test-method is-config="true" signature="beforeMethod()[pri:0, instance:pack.UPStest.UpsShipTest@150ab4ed]" started-at="2020-04-30T11:38:41Z" name="beforeMethod" finished-at="2020-04-30T11:38:46Z" duration-ms="4321" status="PASS">
          <reporter-output>
          </reporter-output>
        </test-method> <!-- beforeMethod -->
        <test-method signature="ShippingAccount()[pri:0, instance:pack.UPStest.UpsShipTest@150ab4ed]" started-at="2020-04-30T11:38:46Z" name="ShippingAccount" finished-at="2020-04-30T11:38:52Z" duration-ms="6336" status="PASS">
          <reporter-output>
          </reporter-output>
        </test-method> <!-- ShippingAccount -->
      </class> <!-- pack.UPStest.UpsShipTest -->
    </test> <!-- Test -->
  </suite> <!-- Suite -->
</testng-results>
