<?xml version="1.0" encoding="UTF-8"?>
<testng-results ignored="0" total="1" passed="1" failed="0" skipped="0">
  <reporter-output>
  </reporter-output>
  <suite started-at="2020-04-30T11:34:21Z" name="Suite" finished-at="2020-04-30T11:34:32Z" duration-ms="11777">
    <groups>
    </groups>
    <test started-at="2020-04-30T11:34:21Z" name="Test" finished-at="2020-04-30T11:34:32Z" duration-ms="11777">
      <class name="pack.UPStest.UpsShipTest">
        <test-method is-config="true" signature="beforeMethod()[pri:0, instance:pack.UPStest.UpsShipTest@2cae1042]" started-at="2020-04-30T11:34:21Z" name="beforeMethod" finished-at="2020-04-30T11:34:25Z" duration-ms="4584" status="PASS">
          <reporter-output>
          </reporter-output>
        </test-method> <!-- beforeMethod -->
        <test-method signature="ShippingAccount()[pri:0, instance:pack.UPStest.UpsShipTest@2cae1042]" started-at="2020-04-30T11:34:25Z" name="ShippingAccount" finished-at="2020-04-30T11:34:32Z" duration-ms="7163" status="PASS">
          <reporter-output>
          </reporter-output>
        </test-method> <!-- ShippingAccount -->
      </class> <!-- pack.UPStest.UpsShipTest -->
    </test> <!-- Test -->
  </suite> <!-- Suite -->
</testng-results>
